21/04/08 13:20:39 INFO pig.ExecTypeProvider: Trying ExecType : LOCAL
21/04/08 13:20:39 INFO pig.ExecTypeProvider: Trying ExecType : MAPREDUCE
21/04/08 13:20:39 INFO pig.ExecTypeProvider: Picked MAPREDUCE as the ExecType
2021-04-08 13:20:39,773 [main] INFO  org.apache.pig.Main - Apache Pig version 0.15.0 (r1682971) compiled Jun 01 2015, 11:44:35
2021-04-08 13:20:39,774 [main] INFO  org.apache.pig.Main - Logging error messages to: /home/2019/pyadol/COMP-421/COMP-421/A3/pig_1617902439770.log
2021-04-08 13:20:40,417 [main] INFO  org.apache.pig.impl.util.Utils - Default bootup file /home/2019/pyadol/.pigbootup not found
2021-04-08 13:20:40,560 [main] INFO  org.apache.hadoop.conf.Configuration.deprecation - mapred.job.tracker is deprecated. Instead, use mapreduce.jobtracker.address
2021-04-08 13:20:40,560 [main] INFO  org.apache.hadoop.conf.Configuration.deprecation - fs.default.name is deprecated. Instead, use fs.defaultFS
2021-04-08 13:20:40,560 [main] INFO  org.apache.pig.backend.hadoop.executionengine.HExecutionEngine - Connecting to hadoop file system at: hdfs://winter2021-comp421-1.cs.mcgill.ca:9000
2021-04-08 13:20:42,137 [main] INFO  org.apache.hadoop.conf.Configuration.deprecation - fs.default.name is deprecated. Instead, use fs.defaultFS
2021-04-08 13:20:42,571 [main] WARN  org.apache.pig.newplan.BaseOperatorPlan - Encountered Warning IMPLICIT_CAST_TO_LONG 1 time(s).
2021-04-08 13:20:42,601 [main] INFO  org.apache.pig.tools.pigstats.ScriptState - Pig features used in the script: GROUP_BY,ORDER_BY,FILTER
2021-04-08 13:20:42,698 [main] INFO  org.apache.hadoop.conf.Configuration.deprecation - fs.default.name is deprecated. Instead, use fs.defaultFS
2021-04-08 13:20:42,706 [main] INFO  org.apache.pig.data.SchemaTupleBackend - Key [pig.schematuple] was not set... will not generate code.
2021-04-08 13:20:42,774 [main] INFO  org.apache.pig.newplan.logical.optimizer.LogicalPlanOptimizer - {RULES_ENABLED=[AddForEach, ColumnMapKeyPrune, ConstantCalculator, GroupByConstParallelSetter, LimitOptimizer, LoadTypeCastInserter, MergeFilter, MergeForEach, PartitionFilterOptimizer, PredicatePushdownOptimizer, PushDownForEachFlatten, PushUpFilter, SplitFilter, StreamTypeCastInserter]}
2021-04-08 13:20:42,962 [main] INFO  org.apache.hadoop.conf.Configuration.deprecation - fs.default.name is deprecated. Instead, use fs.defaultFS
2021-04-08 13:20:43,127 [main] INFO  org.apache.pig.backend.hadoop.executionengine.mapReduceLayer.MRCompiler - File concatenation threshold: 100 optimistic? false
2021-04-08 13:20:43,181 [main] INFO  org.apache.pig.backend.hadoop.executionengine.util.CombinerOptimizerUtil - Choosing to move algebraic foreach to combiner
2021-04-08 13:20:43,220 [main] INFO  org.apache.pig.backend.hadoop.executionengine.mapReduceLayer.SecondaryKeyOptimizerMR - Using Secondary Key Optimization for MapReduce node scope-43
2021-04-08 13:20:43,242 [main] INFO  org.apache.pig.backend.hadoop.executionengine.mapReduceLayer.MultiQueryOptimizer - MR plan size before optimization: 3
2021-04-08 13:20:43,242 [main] INFO  org.apache.pig.backend.hadoop.executionengine.mapReduceLayer.MultiQueryOptimizer - MR plan size after optimization: 3
2021-04-08 13:20:43,324 [main] INFO  org.apache.hadoop.conf.Configuration.deprecation - fs.default.name is deprecated. Instead, use fs.defaultFS
2021-04-08 13:20:43,409 [main] INFO  org.apache.hadoop.yarn.client.RMProxy - Connecting to ResourceManager at winter2021-comp421-1.cs.mcgill.ca/132.206.51.211:8032
2021-04-08 13:20:43,858 [main] INFO  org.apache.pig.tools.pigstats.mapreduce.MRScriptState - Pig script settings are added to the job
2021-04-08 13:20:43,871 [main] INFO  org.apache.hadoop.conf.Configuration.deprecation - mapred.job.reduce.markreset.buffer.percent is deprecated. Instead, use mapreduce.reduce.markreset.buffer.percent
2021-04-08 13:20:43,871 [main] INFO  org.apache.pig.backend.hadoop.executionengine.mapReduceLayer.JobControlCompiler - mapred.job.reduce.markreset.buffer.percent is not set, set to default 0.3
2021-04-08 13:20:43,872 [main] INFO  org.apache.hadoop.conf.Configuration.deprecation - mapred.output.compress is deprecated. Instead, use mapreduce.output.fileoutputformat.compress
2021-04-08 13:20:43,879 [main] INFO  org.apache.pig.backend.hadoop.executionengine.mapReduceLayer.JobControlCompiler - Reduce phase detected, estimating # of required reducers.
2021-04-08 13:20:43,881 [main] INFO  org.apache.pig.backend.hadoop.executionengine.mapReduceLayer.JobControlCompiler - Using reducer estimator: org.apache.pig.backend.hadoop.executionengine.mapReduceLayer.InputSizeReducerEstimator
2021-04-08 13:20:43,895 [main] INFO  org.apache.pig.backend.hadoop.executionengine.mapReduceLayer.InputSizeReducerEstimator - BytesPerReducer=1000000000 maxReducers=999 totalInputFileSize=171822
2021-04-08 13:20:43,896 [main] INFO  org.apache.pig.backend.hadoop.executionengine.mapReduceLayer.JobControlCompiler - Setting Parallelism to 1
2021-04-08 13:20:43,896 [main] INFO  org.apache.hadoop.conf.Configuration.deprecation - mapred.reduce.tasks is deprecated. Instead, use mapreduce.job.reduces
2021-04-08 13:20:43,896 [main] INFO  org.apache.pig.backend.hadoop.executionengine.mapReduceLayer.JobControlCompiler - This job cannot be converted run in-process
2021-04-08 13:20:44,834 [main] INFO  org.apache.pig.backend.hadoop.executionengine.mapReduceLayer.JobControlCompiler - Added jar file:/data/cs421/softwares/apache/pig-0.15.0/pig-0.15.0-core-h2.jar to DistributedCache through /tmp/temp477490275/tmp-225735270/pig-0.15.0-core-h2.jar
2021-04-08 13:20:44,976 [main] INFO  org.apache.pig.backend.hadoop.executionengine.mapReduceLayer.JobControlCompiler - Added jar file:/data/cs421/softwares/apache/pig-0.15.0/lib/automaton-1.11-8.jar to DistributedCache through /tmp/temp477490275/tmp-984860782/automaton-1.11-8.jar
2021-04-08 13:20:45,022 [main] INFO  org.apache.pig.backend.hadoop.executionengine.mapReduceLayer.JobControlCompiler - Added jar file:/data/cs421/softwares/apache/pig-0.15.0/lib/antlr-runtime-3.4.jar to DistributedCache through /tmp/temp477490275/tmp-261921197/antlr-runtime-3.4.jar
2021-04-08 13:20:45,069 [main] INFO  org.apache.pig.backend.hadoop.executionengine.mapReduceLayer.JobControlCompiler - Added jar file:/data/cs421/softwares/apache/pig-0.15.0/lib/joda-time-2.5.jar to DistributedCache through /tmp/temp477490275/tmp408404544/joda-time-2.5.jar
2021-04-08 13:20:45,136 [main] INFO  org.apache.pig.backend.hadoop.executionengine.mapReduceLayer.JobControlCompiler - Setting up single store job
2021-04-08 13:20:45,147 [main] INFO  org.apache.pig.data.SchemaTupleFrontend - Key [pig.schematuple] is false, will not generate code.
2021-04-08 13:20:45,147 [main] INFO  org.apache.pig.data.SchemaTupleFrontend - Starting process to move generated code to distributed cacche
2021-04-08 13:20:45,147 [main] INFO  org.apache.pig.data.SchemaTupleFrontend - Setting key [pig.schematuple.classes] with classes to deserialize []
2021-04-08 13:20:45,283 [main] INFO  org.apache.pig.backend.hadoop.executionengine.mapReduceLayer.MapReduceLauncher - 1 map-reduce job(s) waiting for submission.
2021-04-08 13:20:45,285 [main] INFO  org.apache.hadoop.conf.Configuration.deprecation - mapred.job.tracker.http.address is deprecated. Instead, use mapreduce.jobtracker.http.address
2021-04-08 13:20:45,296 [JobControl] INFO  org.apache.hadoop.yarn.client.RMProxy - Connecting to ResourceManager at winter2021-comp421-1.cs.mcgill.ca/132.206.51.211:8032
2021-04-08 13:20:45,343 [JobControl] INFO  org.apache.hadoop.conf.Configuration.deprecation - fs.default.name is deprecated. Instead, use fs.defaultFS
2021-04-08 13:20:45,524 [JobControl] WARN  org.apache.hadoop.mapreduce.JobResourceUploader - No job jar file set.  User classes may not be found. See Job or Job#setJar(String).
2021-04-08 13:20:45,589 [JobControl] INFO  org.apache.hadoop.mapreduce.lib.input.FileInputFormat - Total input paths to process : 1
2021-04-08 13:20:45,589 [JobControl] INFO  org.apache.pig.backend.hadoop.executionengine.util.MapRedUtil - Total input paths to process : 1
2021-04-08 13:20:45,615 [JobControl] INFO  org.apache.pig.backend.hadoop.executionengine.util.MapRedUtil - Total input paths (combined) to process : 1
2021-04-08 13:20:45,701 [JobControl] INFO  org.apache.hadoop.mapreduce.JobSubmitter - number of splits:1
2021-04-08 13:20:45,854 [JobControl] INFO  org.apache.hadoop.mapreduce.JobSubmitter - Submitting tokens for job: job_1614804978562_15977
2021-04-08 13:20:46,042 [JobControl] INFO  org.apache.hadoop.mapred.YARNRunner - Job jar is not present. Not adding any jar to the list of resources.
2021-04-08 13:20:46,168 [JobControl] INFO  org.apache.hadoop.yarn.client.api.impl.YarnClientImpl - Submitted application application_1614804978562_15977
2021-04-08 13:20:46,252 [JobControl] INFO  org.apache.hadoop.mapreduce.Job - The url to track the job: http://winter2021-comp421-1.cs.mcgill.ca:8088/proxy/application_1614804978562_15977/
2021-04-08 13:20:46,260 [main] INFO  org.apache.pig.backend.hadoop.executionengine.mapReduceLayer.MapReduceLauncher - HadoopJobId: job_1614804978562_15977
2021-04-08 13:20:46,260 [main] INFO  org.apache.pig.backend.hadoop.executionengine.mapReduceLayer.MapReduceLauncher - Processing aliases coviddata,coviddataByProvince,death,proj
2021-04-08 13:20:46,260 [main] INFO  org.apache.pig.backend.hadoop.executionengine.mapReduceLayer.MapReduceLauncher - detailed locations: M: coviddata[4,12],coviddata[-1,-1],death[9,8],coviddataByProvince[6,22] C: death[9,8],coviddataByProvince[6,22] R: death[9,8],proj[12,7]
2021-04-08 13:20:46,282 [main] INFO  org.apache.pig.backend.hadoop.executionengine.mapReduceLayer.MapReduceLauncher - 0% complete
2021-04-08 13:20:46,283 [main] INFO  org.apache.pig.backend.hadoop.executionengine.mapReduceLayer.MapReduceLauncher - Running jobs are [job_1614804978562_15977]
2021-04-08 13:21:01,393 [main] INFO  org.apache.pig.backend.hadoop.executionengine.mapReduceLayer.MapReduceLauncher - 16% complete
2021-04-08 13:21:01,393 [main] INFO  org.apache.pig.backend.hadoop.executionengine.mapReduceLayer.MapReduceLauncher - Running jobs are [job_1614804978562_15977]
2021-04-08 13:21:10,422 [main] INFO  org.apache.pig.backend.hadoop.executionengine.mapReduceLayer.MapReduceLauncher - 33% complete
2021-04-08 13:21:10,423 [main] INFO  org.apache.pig.backend.hadoop.executionengine.mapReduceLayer.MapReduceLauncher - Running jobs are [job_1614804978562_15977]
2021-04-08 13:21:11,441 [main] INFO  org.apache.hadoop.yarn.client.RMProxy - Connecting to ResourceManager at winter2021-comp421-1.cs.mcgill.ca/132.206.51.211:8032
2021-04-08 13:21:11,462 [main] INFO  org.apache.hadoop.mapred.ClientServiceDelegate - Application state is completed. FinalApplicationStatus=SUCCEEDED. Redirecting to job history server
2021-04-08 13:21:11,721 [main] INFO  org.apache.hadoop.yarn.client.RMProxy - Connecting to ResourceManager at winter2021-comp421-1.cs.mcgill.ca/132.206.51.211:8032
2021-04-08 13:21:11,730 [main] INFO  org.apache.hadoop.mapred.ClientServiceDelegate - Application state is completed. FinalApplicationStatus=SUCCEEDED. Redirecting to job history server
2021-04-08 13:21:11,839 [main] INFO  org.apache.hadoop.yarn.client.RMProxy - Connecting to ResourceManager at winter2021-comp421-1.cs.mcgill.ca/132.206.51.211:8032
2021-04-08 13:21:11,849 [main] INFO  org.apache.hadoop.mapred.ClientServiceDelegate - Application state is completed. FinalApplicationStatus=SUCCEEDED. Redirecting to job history server
2021-04-08 13:21:11,949 [main] INFO  org.apache.pig.tools.pigstats.mapreduce.MRScriptState - Pig script settings are added to the job
2021-04-08 13:21:11,950 [main] INFO  org.apache.pig.backend.hadoop.executionengine.mapReduceLayer.JobControlCompiler - mapred.job.reduce.markreset.buffer.percent is not set, set to default 0.3
2021-04-08 13:21:11,952 [main] INFO  org.apache.pig.backend.hadoop.executionengine.mapReduceLayer.JobControlCompiler - Reduce phase detected, estimating # of required reducers.
2021-04-08 13:21:11,952 [main] INFO  org.apache.pig.backend.hadoop.executionengine.mapReduceLayer.JobControlCompiler - Using reducer estimator: org.apache.pig.backend.hadoop.executionengine.mapReduceLayer.InputSizeReducerEstimator
2021-04-08 13:21:11,984 [main] INFO  org.apache.pig.backend.hadoop.executionengine.mapReduceLayer.InputSizeReducerEstimator - BytesPerReducer=1000000000 maxReducers=999 totalInputFileSize=116
2021-04-08 13:21:11,988 [main] INFO  org.apache.pig.backend.hadoop.executionengine.mapReduceLayer.JobControlCompiler - Setting Parallelism to 1
2021-04-08 13:21:11,988 [main] INFO  org.apache.pig.backend.hadoop.executionengine.mapReduceLayer.JobControlCompiler - This job cannot be converted run in-process
2021-04-08 13:21:12,182 [main] INFO  org.apache.pig.backend.hadoop.executionengine.mapReduceLayer.JobControlCompiler - Added jar file:/data/cs421/softwares/apache/pig-0.15.0/pig-0.15.0-core-h2.jar to DistributedCache through /tmp/temp477490275/tmp608544602/pig-0.15.0-core-h2.jar
2021-04-08 13:21:12,221 [main] INFO  org.apache.pig.backend.hadoop.executionengine.mapReduceLayer.JobControlCompiler - Added jar file:/data/cs421/softwares/apache/pig-0.15.0/lib/automaton-1.11-8.jar to DistributedCache through /tmp/temp477490275/tmp-1959161055/automaton-1.11-8.jar
2021-04-08 13:21:12,258 [main] INFO  org.apache.pig.backend.hadoop.executionengine.mapReduceLayer.JobControlCompiler - Added jar file:/data/cs421/softwares/apache/pig-0.15.0/lib/antlr-runtime-3.4.jar to DistributedCache through /tmp/temp477490275/tmp-969527844/antlr-runtime-3.4.jar
2021-04-08 13:21:12,295 [main] INFO  org.apache.pig.backend.hadoop.executionengine.mapReduceLayer.JobControlCompiler - Added jar file:/data/cs421/softwares/apache/pig-0.15.0/lib/joda-time-2.5.jar to DistributedCache through /tmp/temp477490275/tmp1195181880/joda-time-2.5.jar
2021-04-08 13:21:12,309 [main] INFO  org.apache.pig.backend.hadoop.executionengine.mapReduceLayer.JobControlCompiler - Setting up single store job
2021-04-08 13:21:12,310 [main] INFO  org.apache.pig.data.SchemaTupleFrontend - Key [pig.schematuple] is false, will not generate code.
2021-04-08 13:21:12,310 [main] INFO  org.apache.pig.data.SchemaTupleFrontend - Starting process to move generated code to distributed cacche
2021-04-08 13:21:12,310 [main] INFO  org.apache.pig.data.SchemaTupleFrontend - Setting key [pig.schematuple.classes] with classes to deserialize []
2021-04-08 13:21:12,357 [main] INFO  org.apache.pig.backend.hadoop.executionengine.mapReduceLayer.MapReduceLauncher - 1 map-reduce job(s) waiting for submission.
2021-04-08 13:21:12,363 [JobControl] INFO  org.apache.hadoop.yarn.client.RMProxy - Connecting to ResourceManager at winter2021-comp421-1.cs.mcgill.ca/132.206.51.211:8032
2021-04-08 13:21:12,380 [JobControl] INFO  org.apache.hadoop.conf.Configuration.deprecation - fs.default.name is deprecated. Instead, use fs.defaultFS
2021-04-08 13:21:12,429 [JobControl] WARN  org.apache.hadoop.mapreduce.JobResourceUploader - No job jar file set.  User classes may not be found. See Job or Job#setJar(String).
2021-04-08 13:21:12,487 [JobControl] INFO  org.apache.hadoop.mapreduce.lib.input.FileInputFormat - Total input paths to process : 1
2021-04-08 13:21:12,487 [JobControl] INFO  org.apache.pig.backend.hadoop.executionengine.util.MapRedUtil - Total input paths to process : 1
2021-04-08 13:21:12,488 [JobControl] INFO  org.apache.pig.backend.hadoop.executionengine.util.MapRedUtil - Total input paths (combined) to process : 1
2021-04-08 13:21:12,581 [JobControl] INFO  org.apache.hadoop.mapreduce.JobSubmitter - number of splits:1
2021-04-08 13:21:12,646 [JobControl] INFO  org.apache.hadoop.mapreduce.JobSubmitter - Submitting tokens for job: job_1614804978562_15981
2021-04-08 13:21:12,652 [JobControl] INFO  org.apache.hadoop.mapred.YARNRunner - Job jar is not present. Not adding any jar to the list of resources.
2021-04-08 13:21:12,690 [JobControl] INFO  org.apache.hadoop.yarn.client.api.impl.YarnClientImpl - Submitted application application_1614804978562_15981
2021-04-08 13:21:12,695 [JobControl] INFO  org.apache.hadoop.mapreduce.Job - The url to track the job: http://winter2021-comp421-1.cs.mcgill.ca:8088/proxy/application_1614804978562_15981/
2021-04-08 13:21:12,860 [main] INFO  org.apache.pig.backend.hadoop.executionengine.mapReduceLayer.MapReduceLauncher - HadoopJobId: job_1614804978562_15981
2021-04-08 13:21:12,861 [main] INFO  org.apache.pig.backend.hadoop.executionengine.mapReduceLayer.MapReduceLauncher - Processing aliases orderDeaths
2021-04-08 13:21:12,861 [main] INFO  org.apache.pig.backend.hadoop.executionengine.mapReduceLayer.MapReduceLauncher - detailed locations: M: orderDeaths[15,14] C:  R: 
2021-04-08 13:21:30,037 [main] INFO  org.apache.pig.backend.hadoop.executionengine.mapReduceLayer.MapReduceLauncher - 50% complete
2021-04-08 13:21:30,038 [main] INFO  org.apache.pig.backend.hadoop.executionengine.mapReduceLayer.MapReduceLauncher - Running jobs are [job_1614804978562_15981]
2021-04-08 13:21:37,051 [main] INFO  org.apache.pig.backend.hadoop.executionengine.mapReduceLayer.MapReduceLauncher - 66% complete
2021-04-08 13:21:37,051 [main] INFO  org.apache.pig.backend.hadoop.executionengine.mapReduceLayer.MapReduceLauncher - Running jobs are [job_1614804978562_15981]
2021-04-08 13:21:38,080 [main] INFO  org.apache.hadoop.yarn.client.RMProxy - Connecting to ResourceManager at winter2021-comp421-1.cs.mcgill.ca/132.206.51.211:8032
2021-04-08 13:21:38,117 [main] INFO  org.apache.hadoop.mapred.ClientServiceDelegate - Application state is completed. FinalApplicationStatus=SUCCEEDED. Redirecting to job history server
2021-04-08 13:21:38,250 [main] INFO  org.apache.hadoop.yarn.client.RMProxy - Connecting to ResourceManager at winter2021-comp421-1.cs.mcgill.ca/132.206.51.211:8032
2021-04-08 13:21:38,260 [main] INFO  org.apache.hadoop.mapred.ClientServiceDelegate - Application state is completed. FinalApplicationStatus=SUCCEEDED. Redirecting to job history server
2021-04-08 13:21:38,355 [main] INFO  org.apache.hadoop.yarn.client.RMProxy - Connecting to ResourceManager at winter2021-comp421-1.cs.mcgill.ca/132.206.51.211:8032
2021-04-08 13:21:38,363 [main] INFO  org.apache.hadoop.mapred.ClientServiceDelegate - Application state is completed. FinalApplicationStatus=SUCCEEDED. Redirecting to job history server
2021-04-08 13:21:38,430 [main] INFO  org.apache.pig.tools.pigstats.mapreduce.MRScriptState - Pig script settings are added to the job
2021-04-08 13:21:38,430 [main] INFO  org.apache.pig.backend.hadoop.executionengine.mapReduceLayer.JobControlCompiler - mapred.job.reduce.markreset.buffer.percent is not set, set to default 0.3
2021-04-08 13:21:38,431 [main] INFO  org.apache.pig.backend.hadoop.executionengine.mapReduceLayer.JobControlCompiler - Reduce phase detected, estimating # of required reducers.
2021-04-08 13:21:38,431 [main] INFO  org.apache.pig.backend.hadoop.executionengine.mapReduceLayer.JobControlCompiler - Setting Parallelism to 1
2021-04-08 13:21:38,431 [main] INFO  org.apache.pig.backend.hadoop.executionengine.mapReduceLayer.JobControlCompiler - This job cannot be converted run in-process
2021-04-08 13:21:38,519 [main] INFO  org.apache.pig.backend.hadoop.executionengine.mapReduceLayer.JobControlCompiler - Added jar file:/data/cs421/softwares/apache/pig-0.15.0/pig-0.15.0-core-h2.jar to DistributedCache through /tmp/temp477490275/tmp-1730731221/pig-0.15.0-core-h2.jar
2021-04-08 13:21:38,593 [main] INFO  org.apache.pig.backend.hadoop.executionengine.mapReduceLayer.JobControlCompiler - Added jar file:/data/cs421/softwares/apache/pig-0.15.0/lib/automaton-1.11-8.jar to DistributedCache through /tmp/temp477490275/tmp-1566552666/automaton-1.11-8.jar
2021-04-08 13:21:38,661 [main] INFO  org.apache.pig.backend.hadoop.executionengine.mapReduceLayer.JobControlCompiler - Added jar file:/data/cs421/softwares/apache/pig-0.15.0/lib/antlr-runtime-3.4.jar to DistributedCache through /tmp/temp477490275/tmp2048446197/antlr-runtime-3.4.jar
2021-04-08 13:21:38,688 [main] INFO  org.apache.pig.backend.hadoop.executionengine.mapReduceLayer.JobControlCompiler - Added jar file:/data/cs421/softwares/apache/pig-0.15.0/lib/joda-time-2.5.jar to DistributedCache through /tmp/temp477490275/tmp1166045186/joda-time-2.5.jar
2021-04-08 13:21:38,697 [main] INFO  org.apache.pig.backend.hadoop.executionengine.mapReduceLayer.JobControlCompiler - Setting up single store job
2021-04-08 13:21:38,699 [main] INFO  org.apache.pig.data.SchemaTupleFrontend - Key [pig.schematuple] is false, will not generate code.
2021-04-08 13:21:38,699 [main] INFO  org.apache.pig.data.SchemaTupleFrontend - Starting process to move generated code to distributed cacche
2021-04-08 13:21:38,699 [main] INFO  org.apache.pig.data.SchemaTupleFrontend - Setting key [pig.schematuple.classes] with classes to deserialize []
2021-04-08 13:21:38,718 [main] INFO  org.apache.pig.backend.hadoop.executionengine.mapReduceLayer.MapReduceLauncher - 1 map-reduce job(s) waiting for submission.
2021-04-08 13:21:38,722 [JobControl] INFO  org.apache.hadoop.yarn.client.RMProxy - Connecting to ResourceManager at winter2021-comp421-1.cs.mcgill.ca/132.206.51.211:8032
2021-04-08 13:21:38,731 [JobControl] INFO  org.apache.hadoop.conf.Configuration.deprecation - fs.default.name is deprecated. Instead, use fs.defaultFS
2021-04-08 13:21:38,752 [JobControl] WARN  org.apache.hadoop.mapreduce.JobResourceUploader - No job jar file set.  User classes may not be found. See Job or Job#setJar(String).
2021-04-08 13:21:38,776 [JobControl] INFO  org.apache.hadoop.mapreduce.lib.input.FileInputFormat - Total input paths to process : 1
2021-04-08 13:21:38,778 [JobControl] INFO  org.apache.pig.backend.hadoop.executionengine.util.MapRedUtil - Total input paths to process : 1
2021-04-08 13:21:38,780 [JobControl] INFO  org.apache.pig.backend.hadoop.executionengine.util.MapRedUtil - Total input paths (combined) to process : 1
2021-04-08 13:21:38,867 [JobControl] INFO  org.apache.hadoop.mapreduce.JobSubmitter - number of splits:1
2021-04-08 13:21:38,907 [JobControl] INFO  org.apache.hadoop.mapreduce.JobSubmitter - Submitting tokens for job: job_1614804978562_15986
2021-04-08 13:21:38,910 [JobControl] INFO  org.apache.hadoop.mapred.YARNRunner - Job jar is not present. Not adding any jar to the list of resources.
2021-04-08 13:21:38,940 [JobControl] INFO  org.apache.hadoop.yarn.client.api.impl.YarnClientImpl - Submitted application application_1614804978562_15986
2021-04-08 13:21:38,943 [JobControl] INFO  org.apache.hadoop.mapreduce.Job - The url to track the job: http://winter2021-comp421-1.cs.mcgill.ca:8088/proxy/application_1614804978562_15986/
2021-04-08 13:21:39,219 [main] INFO  org.apache.pig.backend.hadoop.executionengine.mapReduceLayer.MapReduceLauncher - HadoopJobId: job_1614804978562_15986
2021-04-08 13:21:39,219 [main] INFO  org.apache.pig.backend.hadoop.executionengine.mapReduceLayer.MapReduceLauncher - Processing aliases orderDeaths
2021-04-08 13:21:39,219 [main] INFO  org.apache.pig.backend.hadoop.executionengine.mapReduceLayer.MapReduceLauncher - detailed locations: M: orderDeaths[15,14] C:  R: 
2021-04-08 13:21:56,430 [main] INFO  org.apache.pig.backend.hadoop.executionengine.mapReduceLayer.MapReduceLauncher - 83% complete
2021-04-08 13:21:56,430 [main] INFO  org.apache.pig.backend.hadoop.executionengine.mapReduceLayer.MapReduceLauncher - Running jobs are [job_1614804978562_15986]
2021-04-08 13:22:03,500 [main] INFO  org.apache.pig.backend.hadoop.executionengine.mapReduceLayer.MapReduceLauncher - Running jobs are [job_1614804978562_15986]
2021-04-08 13:22:04,011 [main] INFO  org.apache.hadoop.yarn.client.RMProxy - Connecting to ResourceManager at winter2021-comp421-1.cs.mcgill.ca/132.206.51.211:8032
2021-04-08 13:22:04,024 [main] INFO  org.apache.hadoop.mapred.ClientServiceDelegate - Application state is completed. FinalApplicationStatus=SUCCEEDED. Redirecting to job history server
2021-04-08 13:22:04,110 [main] INFO  org.apache.hadoop.yarn.client.RMProxy - Connecting to ResourceManager at winter2021-comp421-1.cs.mcgill.ca/132.206.51.211:8032
2021-04-08 13:22:04,114 [main] INFO  org.apache.hadoop.mapred.ClientServiceDelegate - Application state is completed. FinalApplicationStatus=SUCCEEDED. Redirecting to job history server
2021-04-08 13:22:04,140 [main] INFO  org.apache.hadoop.yarn.client.RMProxy - Connecting to ResourceManager at winter2021-comp421-1.cs.mcgill.ca/132.206.51.211:8032
2021-04-08 13:22:04,142 [main] INFO  org.apache.hadoop.mapred.ClientServiceDelegate - Application state is completed. FinalApplicationStatus=SUCCEEDED. Redirecting to job history server
2021-04-08 13:22:04,166 [main] INFO  org.apache.pig.backend.hadoop.executionengine.mapReduceLayer.MapReduceLauncher - 100% complete
2021-04-08 13:22:04,187 [main] INFO  org.apache.pig.tools.pigstats.mapreduce.SimplePigStats - Script Statistics: 

HadoopVersion	PigVersion	UserId	StartedAt	FinishedAt	Features
2.7.2	0.15.0	pyadol	2021-04-08 13:20:43	2021-04-08 13:22:04	GROUP_BY,ORDER_BY,FILTER

Success!

Job Stats (time in seconds):
JobId	Maps	Reduces	MaxMapTime	MinMapTime	AvgMapTime	MedianMapTime	MaxReduceTime	MinReduceTime	AvgReduceTime	MedianReducetime	Alias	Feature	Outputs
job_1614804978562_15977	1	1	4	4	4	4	4	4	4	4	coviddata,coviddataByProvince,death,proj	GROUP_BY,COMBINER	
job_1614804978562_15981	1	1	5	5	5	5	4	4	4	4	orderDeaths	SAMPLER	
job_1614804978562_15986	1	1	2	2	2	2	3	3	3	3	orderDeaths	ORDER_BY	hdfs://winter2021-comp421-1.cs.mcgill.ca:9000/tmp/temp477490275/tmp-624834846,

Input(s):
Successfully read 4864 records (172217 bytes) from: "/data/Covid19Canada.csv"

Output(s):
Successfully stored 6 records (116 bytes) in: "hdfs://winter2021-comp421-1.cs.mcgill.ca:9000/tmp/temp477490275/tmp-624834846"

Counters:
Total records written : 6
Total bytes written : 116
Spillable Memory Manager spill count : 0
Total bags proactively spilled: 0
Total records proactively spilled: 0

Job DAG:
job_1614804978562_15977	->	job_1614804978562_15981,
job_1614804978562_15981	->	job_1614804978562_15986,
job_1614804978562_15986


2021-04-08 13:22:04,188 [main] INFO  org.apache.hadoop.yarn.client.RMProxy - Connecting to ResourceManager at winter2021-comp421-1.cs.mcgill.ca/132.206.51.211:8032
2021-04-08 13:22:04,191 [main] INFO  org.apache.hadoop.mapred.ClientServiceDelegate - Application state is completed. FinalApplicationStatus=SUCCEEDED. Redirecting to job history server
2021-04-08 13:22:04,234 [main] INFO  org.apache.hadoop.yarn.client.RMProxy - Connecting to ResourceManager at winter2021-comp421-1.cs.mcgill.ca/132.206.51.211:8032
2021-04-08 13:22:04,238 [main] INFO  org.apache.hadoop.mapred.ClientServiceDelegate - Application state is completed. FinalApplicationStatus=SUCCEEDED. Redirecting to job history server
2021-04-08 13:22:04,262 [main] INFO  org.apache.hadoop.yarn.client.RMProxy - Connecting to ResourceManager at winter2021-comp421-1.cs.mcgill.ca/132.206.51.211:8032
2021-04-08 13:22:04,265 [main] INFO  org.apache.hadoop.mapred.ClientServiceDelegate - Application state is completed. FinalApplicationStatus=SUCCEEDED. Redirecting to job history server
2021-04-08 13:22:04,293 [main] INFO  org.apache.hadoop.yarn.client.RMProxy - Connecting to ResourceManager at winter2021-comp421-1.cs.mcgill.ca/132.206.51.211:8032
2021-04-08 13:22:04,297 [main] INFO  org.apache.hadoop.mapred.ClientServiceDelegate - Application state is completed. FinalApplicationStatus=SUCCEEDED. Redirecting to job history server
2021-04-08 13:22:04,326 [main] INFO  org.apache.hadoop.yarn.client.RMProxy - Connecting to ResourceManager at winter2021-comp421-1.cs.mcgill.ca/132.206.51.211:8032
2021-04-08 13:22:04,329 [main] INFO  org.apache.hadoop.mapred.ClientServiceDelegate - Application state is completed. FinalApplicationStatus=SUCCEEDED. Redirecting to job history server
2021-04-08 13:22:04,352 [main] INFO  org.apache.hadoop.yarn.client.RMProxy - Connecting to ResourceManager at winter2021-comp421-1.cs.mcgill.ca/132.206.51.211:8032
2021-04-08 13:22:04,355 [main] INFO  org.apache.hadoop.mapred.ClientServiceDelegate - Application state is completed. FinalApplicationStatus=SUCCEEDED. Redirecting to job history server
2021-04-08 13:22:04,381 [main] INFO  org.apache.hadoop.yarn.client.RMProxy - Connecting to ResourceManager at winter2021-comp421-1.cs.mcgill.ca/132.206.51.211:8032
2021-04-08 13:22:04,384 [main] INFO  org.apache.hadoop.mapred.ClientServiceDelegate - Application state is completed. FinalApplicationStatus=SUCCEEDED. Redirecting to job history server
2021-04-08 13:22:04,407 [main] INFO  org.apache.hadoop.yarn.client.RMProxy - Connecting to ResourceManager at winter2021-comp421-1.cs.mcgill.ca/132.206.51.211:8032
2021-04-08 13:22:04,410 [main] INFO  org.apache.hadoop.mapred.ClientServiceDelegate - Application state is completed. FinalApplicationStatus=SUCCEEDED. Redirecting to job history server
2021-04-08 13:22:04,472 [main] INFO  org.apache.hadoop.yarn.client.RMProxy - Connecting to ResourceManager at winter2021-comp421-1.cs.mcgill.ca/132.206.51.211:8032
2021-04-08 13:22:04,475 [main] INFO  org.apache.hadoop.mapred.ClientServiceDelegate - Application state is completed. FinalApplicationStatus=SUCCEEDED. Redirecting to job history server
2021-04-08 13:22:04,501 [main] INFO  org.apache.pig.backend.hadoop.executionengine.mapReduceLayer.MapReduceLauncher - Success!
2021-04-08 13:22:04,506 [main] INFO  org.apache.hadoop.conf.Configuration.deprecation - fs.default.name is deprecated. Instead, use fs.defaultFS
2021-04-08 13:22:04,506 [main] INFO  org.apache.pig.data.SchemaTupleBackend - Key [pig.schematuple] was not set... will not generate code.
2021-04-08 13:22:04,511 [main] INFO  org.apache.hadoop.mapreduce.lib.input.FileInputFormat - Total input paths to process : 1
2021-04-08 13:22:04,511 [main] INFO  org.apache.pig.backend.hadoop.executionengine.util.MapRedUtil - Total input paths to process : 1
(Quebec,10558)
(Ontario,7175)
(Alberta,1956)
(British Columbia,1407)
(Manitoba,917)
(Saskatchewan,409)
2021-04-08 13:22:04,579 [main] INFO  org.apache.pig.Main - Pig script completed in 1 minute, 25 seconds and 114 milliseconds (85114 ms)
