(c) Copyright IBM Corporation 1993,2007
Command Line Processor for DB2 Client 11.5.4.0

You can issue database manager commands and SQL statements from the command 
prompt. For example:
    db2 => connect to sample
    db2 => bind sample.bnd

For general help, type: ?.
For command help, type: ? command, where command can be
the first few keywords of a database manager command. For example:
 ? CATALOG DATABASE for help on the CATALOG DATABASE command
 ? CATALOG          for help on all of the CATALOG commands.

To exit db2 interactive mode, type QUIT at the command prompt. Outside 
interactive mode, all commands must be prefixed with 'db2'.
To list the current command option settings, type LIST COMMAND OPTIONS.

For more detailed help, refer to the Online Reference Manual.

db2 => db2 => db2 => db2 => db2 => CONNECT TO cs421

   Database Connection Information

 Database server        = DB2/LINUXX8664 11.5.4.0
 SQL authorization ID   = PYADOL
 Local database alias   = CS421


db2 => db2 => db2 => db2 => db2 => db2 => db2 => db2 (cont.) => db2 (cont.) => db2 (cont.) => db2 (cont.) => db2 (cont.) => CREATE TABLE MYTEST01 ( id INTEGER NOT NULL ,value INTEGER ,PRIMARY KEY(id) )
DB20000I  The SQL command completed successfully.

db2 => db2 => db2 => db2 => db2 (cont.) => db2 (cont.) => db2 (cont.) => db2 (cont.) => db2 (cont.) => CREATE TABLE priority ( prionum INTEGER NOT NULL, cname VARCHAR(50) NOT NULL, PRIMARY KEY (cname) )
DB20000I  The SQL command completed successfully.

db2 => db2 => db2 (cont.) => db2 (cont.) => db2 (cont.) => db2 (cont.) => db2 (cont.) => db2 (cont.) => CREATE TABLE vaccine ( vname VARCHAR(50) NOT NULL, waitperiod INTEGER NOT NULL, doses INTEGER NOT NULL, PRIMARY KEY (vname) )
DB20000I  The SQL command completed successfully.

db2 => db2 => db2 (cont.) => db2 (cont.) => db2 (cont.) => db2 (cont.) => db2 (cont.) => db2 (cont.) => db2 (cont.) => db2 (cont.) => db2 (cont.) => db2 (cont.) => db2 (cont.) => db2 (cont.) => db2 (cont.) => db2 (cont.) => CREATE TABLE resident ( hinsurnum VARCHAR(50) NOT NULL, name VARCHAR(50) NOT NULL, gender VARCHAR(50) NOT NULL, birthdate DATE NOT NULL, phone VARCHAR(50) NOT NULL, city VARCHAR(50) NOT NULL, postalcode VARCHAR(50) NOT NULL, streetaddr VARCHAR(50) NOT NULL, regdate DATE NOT NULL, cname VARCHAR(50) NOT NULL, PRIMARY KEY (hinsurnum), FOREIGN KEY (cname) REFERENCES priority )
DB20000I  The SQL command completed successfully.

db2 => db2 => db2 (cont.) => db2 (cont.) => db2 (cont.) => db2 (cont.) => db2 (cont.) => db2 (cont.) => db2 (cont.) => CREATE TABLE vacclocation ( lname VARCHAR(50) NOT NULL, city VARCHAR(50) NOT NULL, postalcode VARCHAR(50) NOT NULL, address VARCHAR(50) NOT NULL, PRIMARY KEY (lname) )
DB20000I  The SQL command completed successfully.

db2 => db2 => db2 (cont.) => db2 (cont.) => db2 (cont.) => db2 (cont.) => db2 (cont.) => CREATE TABLE hospital ( lname VARCHAR(50) NOT NULL, PRIMARY KEY (lname), FOREIGN KEY (lname) references vacclocation )
DB20000I  The SQL command completed successfully.

db2 => db2 => db2 => db2 (cont.) => db2 (cont.) => db2 (cont.) => db2 (cont.) => db2 (cont.) => db2 (cont.) => db2 (cont.) => CREATE TABLE nurse ( cnlnumber VARCHAR(50) NOT NULL, nname VARCHAR(50) NOT NULL, employer VARCHAR(50) NOT NULL, PRIMARY KEY (cnlnumber), FOREIGN KEY (employer) REFERENCES hospital )
DB20000I  The SQL command completed successfully.

db2 => db2 => db2 => db2 (cont.) => db2 (cont.) => db2 (cont.) => db2 (cont.) => db2 (cont.) => db2 (cont.) => CREATE TABLE vaccdates ( lname VARCHAR(50) NOT NULL, vdate DATE NOT NULL, PRIMARY KEY(lname, vdate), FOREIGN KEY (lname) references vacclocation )
DB20000I  The SQL command completed successfully.

db2 => db2 => db2 (cont.) => db2 (cont.) => db2 (cont.) => db2 (cont.) => db2 (cont.) => db2 (cont.) => db2 (cont.) => db2 (cont.) => CREATE TABLE nurseassignments ( cnlnumber VARCHAR(50) NOT NULL, lname VARCHAR(50) NOT NULL, vdate DATE NOT NULL, PRIMARY KEY (cnlnumber, lname, vdate), FOREIGN KEY(cnlnumber) REFERENCES nurse, FOREIGN KEY(lname,vdate) REFERENCES vaccdates )
DB20000I  The SQL command completed successfully.

db2 => db2 => db2 => db2 (cont.) => db2 (cont.) => db2 (cont.) => db2 (cont.) => db2 (cont.) => db2 (cont.) => db2 (cont.) => db2 (cont.) => db2 (cont.) => db2 (cont.) => db2 (cont.) => CREATE TABLE batch ( vname VARCHAR(50) NOT NULL, batchnumber INTEGER NOT NULL, manudate DATE NOT NULL, expiradate DATE NOT NULL, numvials INTEGER NOT NULL, lname VARCHAR(50) NOT NULL, PRIMARY KEY (vname, batchnumber), FOREIGN KEY (vname) REFERENCES vaccine, FOREIGN KEY (lname) REFERENCES vacclocation )
DB20000I  The SQL command completed successfully.

db2 => db2 => db2 (cont.) => db2 (cont.) => db2 (cont.) => db2 (cont.) => db2 (cont.) => db2 (cont.) => db2 (cont.) => CREATE TABLE vial ( vname VARCHAR(50) NOT NULL, batchnumber INTEGER NOT NULL, vialnumber INTEGER NOT NULL, PRIMARY KEY (vname, batchnumber, vialnumber), FOREIGN KEY (vname, batchnumber) REFERENCES batch )
DB20000I  The SQL command completed successfully.

db2 => db2 => db2 (cont.) => db2 (cont.) => db2 (cont.) => db2 (cont.) => db2 (cont.) => db2 (cont.) => db2 (cont.) => db2 (cont.) => db2 (cont.) => db2 (cont.) => db2 (cont.) => db2 (cont.) => db2 (cont.) => db2 (cont.) => db2 (cont.) => db2 (cont.) => db2 (cont.) => CREATE TABLE slot ( slotnum INTEGER NOT NULL, vtime TIME NOT NULL, vdate DATE NOT NULL, lname VARCHAR(50) NOT NULL, cnlnumber VARCHAR(50), vialnumber INTEGER, batchnumber INTEGER, vname VARCHAR(50), hinsurnum VARCHAR(50), asgndate DATE, PRIMARY KEY (slotnum, vdate, lname, vtime), FOREIGN KEY (lname, vdate) REFERENCES vaccdates, FOREIGN KEY (cnlnumber) REFERENCES nurse, FOREIGN KEY (hinsurnum) REFERENCES resident, FOREIGN KEY (vname, batchnumber, vialnumber) REFERENCES vial )
DB20000I  The SQL command completed successfully.

db2 => 